[2021-04-19T18:41:34.203] [DEBUG] cheese - stat Stats {
  dev: 16777226,
  mode: 33188,
  nlink: 1,
  uid: 501,
  gid: 20,
  rdev: 0,
  blksize: 4096,
  ino: 18588145,
  size: 913,
  blocks: 8,
  atimeMs: 1618828752031.734,
  mtimeMs: 1618828736907.2986,
  ctimeMs: 1618828736907.2986,
  birthtimeMs: 1618823062168.1165,
  atime: 2021-04-19T10:39:12.032Z,
  mtime: 2021-04-19T10:38:56.907Z,
  ctime: 2021-04-19T10:38:56.907Z,
  birthtime: 2021-04-19T09:04:22.168Z
}
[2021-04-19T18:41:34.206] [DEBUG] cheese - isDir false
[2021-04-19T18:41:34.206] [DEBUG] cheese - isFile true
[2021-04-19T18:41:34.206] [DEBUG] cheese - statPrototype StatsBase {
  isFile: [Function (anonymous)],
  _checkModeProperty: [Function (anonymous)]
}
