[2021-04-02T16:53:38.174] [INFO] cheese - {
  resolve: [Function: resolve],
  normalize: [Function: normalize],
  isAbsolute: [Function: isAbsolute],
  join: [Function: join],
  relative: [Function: relative],
  toNamespacedPath: [Function: toNamespacedPath],
  dirname: [Function: dirname],
  basename: [Function: basename],
  extname: [Function: extname],
  format: [Function: bound _format],
  parse: [Function: parse],
  sep: '/',
  delimiter: ':',
  win32: {
    resolve: [Function: resolve],
    normalize: [Function: normalize],
    isAbsolute: [Function: isAbsolute],
    join: [Function: join],
    relative: [Function: relative],
    toNamespacedPath: [Function: toNamespacedPath],
    dirname: [Function: dirname],
    basename: [Function: basename],
    extname: [Function: extname],
    format: [Function: bound _format],
    parse: [Function: parse],
    sep: '\\',
    delimiter: ';',
    win32: [Circular],
    posix: [Circular],
    _makeLong: [Function: toNamespacedPath]
  },
  posix: [Circular],
  _makeLong: [Function: toNamespacedPath]
}
